<?xml version="1.0" encoding="UTF-8"?>
<!-- Generated by org.testng.reporters.JUnitXMLReporter -->
<testsuite ignored="0" hostname="BRD-485S063-L" failures="0" tests="2" name="ErrorValidationsTest" time="14.726" errors="0" timestamp="2024-05-30T15:01:18 IST">
  <testcase classname="testselenium.SeleniumTest.ErrorValidationsTest" name="LoginErrorValidation" time="0.426"/>
  <testcase classname="testselenium.SeleniumTest.ErrorValidationsTest" name="ProductErrorValidation" time="2.123"/>
</testsuite> <!-- ErrorValidationsTest -->
